<?xml version="1.0" encoding="UTF-8"?>
<!-- Generated by org.testng.reporters.JUnitReportReporter -->
<testsuite skipped="1" hostname="DESKTOP-QK6QO63" name="com.selenium.MyTest" tests="2" failures="0" timestamp="2020-07-17T14:54:11 IST" time="0.011" errors="0">
  <testcase name="testFunc" time="0.011" classname="com.selenium.MyTest"/>
  <system-out/>
  <testcase name="test2" classname="com.selenium.MyTest">
    <skipped/>
  </testcase> <!-- test2 -->
  <system-out/>
</testsuite> <!-- com.selenium.MyTest -->
