<?xml version="1.0" encoding="UTF-8"?>
<!-- Generated by org.testng.reporters.JUnitReportReporter -->
<testsuite skipped="0" hostname="DESKTOP-QK6QO63" name="com.selenium.WebsiteAutomation" tests="5" failures="0" timestamp="2020-07-18T11:32:31 IST" time="33.723" errors="0">
  <testcase name="begin" time="11.241" classname="com.selenium.WebsiteAutomation"/>
  <system-out/>
  <testcase name="createAccount" time="13.582" classname="com.selenium.WebsiteAutomation"/>
  <system-out/>
  <testcase name="login" time="5.712" classname="com.selenium.WebsiteAutomation"/>
  <system-out/>
  <testcase name="search" time="3.028" classname="com.selenium.WebsiteAutomation"/>
  <system-out/>
  <testcase name="addtoCart" time="0.160" classname="com.selenium.WebsiteAutomation"/>
  <system-out/>
</testsuite> <!-- com.selenium.WebsiteAutomation -->
